TpTrace Verbose: 0 : 25056, 1, 2022/09/22, 16:18:40.801, 1820017856764, testhost.dll, Version: 17.1.0
TpTrace Information: 0 : 25056, 1, 2022/09/22, 16:18:40.806, 1820017900378, testhost.dll, DefaultEngineInvoker.Invoke: Testhost process started with args :[--port, 57236],[--endpoint, 127.0.0.1:057236],[--role, client],[--parentprocessid, 10488],[--diag, C:\Users\aaish\source\repos\BankOfSuccess\BankOfSuccessUnitTesting\bin\Debug\net6.0\fine-code-coverage\coverage-tool-output\diagnostics.host.22-09-22_16-18-40_72415_7.log],[--tracelevel, 4],[--datacollectionport, 57235],[--telemetryoptedin, false]
TpTrace Information: 0 : 25056, 1, 2022/09/22, 16:18:40.812, 1820017959092, testhost.dll, Setting up debug trace listener.
TpTrace Verbose: 0 : 25056, 1, 2022/09/22, 16:18:40.812, 1820017960909, testhost.dll, TestPlatformTraceListener.Setup: Replacing listener 0 with TestHostTraceListener.
TpTrace Verbose: 0 : 25056, 1, 2022/09/22, 16:18:40.812, 1820017961176, testhost.dll, TestPlatformTraceListener.Setup: Added test platform trace listener.
TpTrace Information: 0 : 25056, 1, 2022/09/22, 16:18:40.813, 1820017968164, testhost.dll, DefaultEngineInvoker.SetParentProcessExitCallback: Monitoring parent process with id: '10488'
TpTrace Information: 0 : 25056, 1, 2022/09/22, 16:18:40.818, 1820018021707, testhost.dll, DefaultEngineInvoker.GetConnectionInfo: Initialize communication on endpoint address: '127.0.0.1:057236'
TpTrace Information: 0 : 25056, 1, 2022/09/22, 16:18:40.825, 1820018085970, testhost.dll, SocketClient.Start: connecting to server endpoint: 127.0.0.1:057236
TpTrace Information: 0 : 25056, 1, 2022/09/22, 16:18:40.830, 1820018137630, testhost.dll, DefaultEngineInvoker.ConnectToDatacollector: Connecting to datacollector, port: 57235
TpTrace Information: 0 : 25056, 10, 2022/09/22, 16:18:40.831, 1820018147141, testhost.dll, SocketClient.OnServerConnected: connected to server endpoint: 127.0.0.1:057236
TpTrace Verbose: 0 : 25056, 10, 2022/09/22, 16:18:40.832, 1820018161475, testhost.dll, Connected to server, and starting MessageLoopAsync
TpTrace Information: 0 : 25056, 1, 2022/09/22, 16:18:40.832, 1820018163964, testhost.dll, Trying to connect to server on socket : 127.0.0.1:57235 
TpTrace Verbose: 0 : 25056, 1, 2022/09/22, 16:18:40.833, 1820018166472, testhost.dll, SocketCommunicationManager : SetupClientAsync : Attempting to connect to the server.
TpTrace Information: 0 : 25056, 11, 2022/09/22, 16:18:40.834, 1820018176979, testhost.dll, Connected to the server successfully 
TpTrace Information: 0 : 25056, 11, 2022/09/22, 16:18:40.834, 1820018177724, testhost.dll, Using the buffer size of 16384 bytes
TpTrace Information: 0 : 25056, 1, 2022/09/22, 16:18:40.834, 1820018181393, testhost.dll, DefaultEngineInvoker.Invoke: Start Request Processing.
TpTrace Verbose: 0 : 25056, 10, 2022/09/22, 16:18:40.834, 1820018183662, testhost.dll, TcpClientExtensions.MessageLoopAsync: Polling on remoteEndPoint: [::ffff:127.0.0.1]:57236 localEndPoint: [::ffff:127.0.0.1]:57240
TpTrace Verbose: 0 : 25056, 10, 2022/09/22, 16:18:40.835, 1820018185835, testhost.dll, TcpClientExtensions.MessageLoopAsync: NotifyDataAvailable remoteEndPoint: [::ffff:127.0.0.1]:57236 localEndPoint: [::ffff:127.0.0.1]:57240
TpTrace Information: 0 : 25056, 12, 2022/09/22, 16:18:40.835, 1820018187368, testhost.dll, DefaultEngineInvoker.StartProcessingAsync: Connected to vstest.console, Starting process requests.
TpTrace Information: 0 : 25056, 10, 2022/09/22, 16:18:40.918, 1820019023391, testhost.dll, TestRequestHandler.OnMessageReceived: received message: (ProtocolVersion) -> 7
TpTrace Verbose: 0 : 25056, 10, 2022/09/22, 16:18:40.940, 1820019242635, testhost.dll, TestRequestHandler.SendData:  sending data from testhost: {"Version":5,"MessageType":"TestSession.Message","Payload":{"MessageLevel":0,"Message":"Logging TestHost Diagnostics in file: C:\\Users\\aaish\\source\\repos\\BankOfSuccess\\BankOfSuccessUnitTesting\\bin\\Debug\\net6.0\\fine-code-coverage\\coverage-tool-output\\diagnostics.host.22-09-22_16-18-40_72415_7.log"}}
TpTrace Verbose: 0 : 25056, 10, 2022/09/22, 16:18:40.940, 1820019244159, testhost.dll, TcpClientExtensions.MessageLoopAsync: Polling on remoteEndPoint: [::ffff:127.0.0.1]:57236 localEndPoint: [::ffff:127.0.0.1]:57240
TpTrace Verbose: 0 : 25056, 10, 2022/09/22, 16:18:40.940, 1820019244993, testhost.dll, TcpClientExtensions.MessageLoopAsync: NotifyDataAvailable remoteEndPoint: [::ffff:127.0.0.1]:57236 localEndPoint: [::ffff:127.0.0.1]:57240
TpTrace Information: 0 : 25056, 10, 2022/09/22, 16:18:40.943, 1820019273683, testhost.dll, TestRequestHandler.OnMessageReceived: received message: (TestExecution.Initialize) -> [
  "C:\\Users\\aaish\\source\\repos\\BankOfSuccess\\BankOfSuccessUnitTesting\\bin\\Debug\\net6.0\\fine-code-coverage\\build-output\\Microsoft.VisualStudio.TestPlatform.MSTest.TestAdapter.dll"
]
TpTrace Verbose: 0 : 25056, 10, 2022/09/22, 16:18:40.949, 1820019326720, testhost.dll, TcpClientExtensions.MessageLoopAsync: Polling on remoteEndPoint: [::ffff:127.0.0.1]:57236 localEndPoint: [::ffff:127.0.0.1]:57240
TpTrace Verbose: 0 : 25056, 10, 2022/09/22, 16:18:40.949, 1820019327597, testhost.dll, TcpClientExtensions.MessageLoopAsync: NotifyDataAvailable remoteEndPoint: [::ffff:127.0.0.1]:57236 localEndPoint: [::ffff:127.0.0.1]:57240
TpTrace Information: 0 : 25056, 4, 2022/09/22, 16:18:40.949, 1820019330604, testhost.dll, TestRequestHandler.OnMessageReceived: Running job 'TestExecution.Initialize'.
TpTrace Verbose: 0 : 25056, 4, 2022/09/22, 16:18:40.951, 1820019346480, testhost.dll, TestExecutorService: Loading the extensions
TpTrace Information: 0 : 25056, 10, 2022/09/22, 16:18:40.951, 1820019348753, testhost.dll, TestRequestHandler.OnMessageReceived: received message: (TestExecution.StartWithSources) -> {
  "AdapterSourceMap": {
    "_none_": [
      "C:\\Users\\aaish\\source\\repos\\BankOfSuccess\\BankOfSuccessUnitTesting\\bin\\Debug\\net6.0\\fine-code-coverage\\build-output\\BankOfSuccessUnitTesting.dll"
    ]
  },
  "RunSettings": "<RunSettings>\r\n  <RunConfiguration>\r\n    <ResultsDirectory>C:\\Users\\aaish\\source\\repos\\BankOfSuccess\\BankOfSuccessUnitTesting\\bin\\Debug\\net6.0\\fine-code-coverage\\coverage-tool-output</ResultsDirectory>\r\n    <TargetFrameworkVersion>.NETCoreApp,Version=v6.0</TargetFrameworkVersion>\r\n    <DesignMode>False</DesignMode>\r\n    <CollectSourceInformation>False</CollectSourceInformation>\r\n  </RunConfiguration>\r\n  <LoggerRunSettings>\r\n    <Loggers>\r\n      <Logger friendlyName=\"blame\" enabled=\"True\" />\r\n      <Logger friendlyName=\"Console\" uri=\"logger://microsoft/TestPlatform/ConsoleLogger/v1\" assemblyQualifiedName=\"Microsoft.VisualStudio.TestPlatform.CommandLine.Internal.ConsoleLogger, vstest.console, Version=15.0.0.0, Culture=neutral, PublicKeyToken=b03f5f7f11d50a3a\" codeBase=\"C:\\Program Files\\dotnet\\sdk\\6.0.400\\vstest.console.dll\" enabled=\"True\" />\r\n    </Loggers>\r\n  </LoggerRunSettings>\r\n  <DataCollectionRunSettings>\r\n    <DataCollectors>\r\n      <DataCollector friendlyName=\"blame\" enabled=\"True\">\r\n        <Configuration>\r\n          <ResultsDirectory>C:\\Users\\aaish\\source\\repos\\BankOfSuccess\\BankOfSuccessUnitTesting\\bin\\Debug\\net6.0\\fine-code-coverage\\coverage-tool-output</ResultsDirectory>\r\n        </Configuration>\r\n      </DataCollector>\r\n    </DataCollectors>\r\n  </DataCollectionRunSettings>\r\n</RunSettings>",
  "TestExecutionContext": {
    "FrequencyOfRunStatsChangeEvent": 10,
    "RunStatsChangeEventTimeout": "00:00:01.5000000",
    "InIsolation": false,
    "KeepAlive": false,
    "AreTestCaseLevelEventsRequired": false,
    "IsDebug": false,
    "TestCaseFilter": null,
    "FilterOptions": null
  },
  "Package": null
}
TpTrace Verbose: 0 : 25056, 4, 2022/09/22, 16:18:40.952, 1820019359777, testhost.dll, TestPluginCache.DiscoverTestExtensions: finding test extensions in assemblies ends with: TestAdapter.dll TPluginInfo: Microsoft.VisualStudio.TestPlatform.Common.ExtensionFramework.Utilities.TestExecutorPluginInformation TExtension: Microsoft.VisualStudio.TestPlatform.ObjectModel.Adapter.ITestExecutor
TpTrace Verbose: 0 : 25056, 4, 2022/09/22, 16:18:40.953, 1820019367401, testhost.dll, TestPluginCache.GetExtensionPaths: Filtered extension paths: 
TpTrace Verbose: 0 : 25056, 4, 2022/09/22, 16:18:40.953, 1820019370196, testhost.dll, TestPluginCache.GetExtensionPaths: Added default extension paths: C:\Users\aaish\source\repos\BankOfSuccess\BankOfSuccessUnitTesting\bin\Debug\net6.0\fine-code-coverage\build-output\Microsoft.VisualStudio.TestPlatform.MSTest.TestAdapter.dll
TpTrace Verbose: 0 : 25056, 4, 2022/09/22, 16:18:40.953, 1820019370518, testhost.dll, TestPluginCache.GetExtensionPaths: Added unfilterableExtensionPaths: 
TpTrace Information: 0 : 25056, 4, 2022/09/22, 16:18:40.954, 1820019381726, testhost.dll, AssemblyResolver.ctor: Creating AssemblyResolver with searchDirectories C:\Users\aaish\source\repos\BankOfSuccess\BankOfSuccessUnitTesting\bin\Debug\net6.0\fine-code-coverage\build-output
TpTrace Verbose: 0 : 25056, 4, 2022/09/22, 16:18:40.956, 1820019401862, testhost.dll, TestPluginCache.DiscoverTestExtensions: Discovering the extensions using extension path.
TpTrace Verbose: 0 : 25056, 4, 2022/09/22, 16:18:40.956, 1820019402666, testhost.dll, TestPluginCache.GetExtensionPaths: Filtered extension paths: 
TpTrace Verbose: 0 : 25056, 4, 2022/09/22, 16:18:40.956, 1820019402870, testhost.dll, TestPluginCache.GetExtensionPaths: Added default extension paths: C:\Users\aaish\source\repos\BankOfSuccess\BankOfSuccessUnitTesting\bin\Debug\net6.0\fine-code-coverage\build-output\Microsoft.VisualStudio.TestPlatform.MSTest.TestAdapter.dll
TpTrace Verbose: 0 : 25056, 4, 2022/09/22, 16:18:40.956, 1820019404097, testhost.dll, TestPluginCache.GetExtensionPaths: Added unfilterableExtensionPaths: 
TpTrace Verbose: 0 : 25056, 4, 2022/09/22, 16:18:40.956, 1820019404773, testhost.dll, TestPluginCache.DiscoverTestExtensions: Discovering the extensions using allExtensionPaths: C:\Users\aaish\source\repos\BankOfSuccess\BankOfSuccessUnitTesting\bin\Debug\net6.0\fine-code-coverage\build-output\Microsoft.VisualStudio.TestPlatform.MSTest.TestAdapter.dll
TpTrace Information: 0 : 25056, 4, 2022/09/22, 16:18:40.957, 1820019414416, testhost.dll, AssemblyResolver.AddSearchDirectories: Adding more searchDirectories C:\Users\aaish\source\repos\BankOfSuccess\BankOfSuccessUnitTesting\bin\Debug\net6.0\fine-code-coverage\build-output
TpTrace Information: 0 : 25056, 4, 2022/09/22, 16:18:40.963, 1820019472458, testhost.dll, AssemblyResolver.OnResolve: Microsoft.VisualStudio.TestPlatform.MSTest.TestAdapter: Resolving assembly.
TpTrace Information: 0 : 25056, 4, 2022/09/22, 16:18:40.963, 1820019473598, testhost.dll, AssemblyResolver.OnResolve: Microsoft.VisualStudio.TestPlatform.MSTest.TestAdapter: Searching in: 'C:\Users\aaish\source\repos\BankOfSuccess\BankOfSuccessUnitTesting\bin\Debug\net6.0\fine-code-coverage\build-output'.
TpTrace Information: 0 : 25056, 4, 2022/09/22, 16:18:40.964, 1820019484567, testhost.dll, AssemblyResolver.OnResolve: Microsoft.VisualStudio.TestPlatform.MSTest.TestAdapter: Loading assembly 'C:\Users\aaish\source\repos\BankOfSuccess\BankOfSuccessUnitTesting\bin\Debug\net6.0\fine-code-coverage\build-output\Microsoft.VisualStudio.TestPlatform.MSTest.TestAdapter.dll'.
TpTrace Information: 0 : 25056, 4, 2022/09/22, 16:18:40.965, 1820019490271, testhost.dll, AssemblyResolver.OnResolve: Resolved assembly: Microsoft.VisualStudio.TestPlatform.MSTest.TestAdapter, from path: C:\Users\aaish\source\repos\BankOfSuccess\BankOfSuccessUnitTesting\bin\Debug\net6.0\fine-code-coverage\build-output\Microsoft.VisualStudio.TestPlatform.MSTest.TestAdapter.dll
TpTrace Verbose: 0 : 25056, 10, 2022/09/22, 16:18:40.974, 1820019582464, testhost.dll, TcpClientExtensions.MessageLoopAsync: Polling on remoteEndPoint: [::ffff:127.0.0.1]:57236 localEndPoint: [::ffff:127.0.0.1]:57240
TpTrace Verbose: 0 : 25056, 4, 2022/09/22, 16:18:40.980, 1820019641365, testhost.dll, TestPluginCache: Discovered the extensions using extension path ''.
TpTrace Verbose: 0 : 25056, 4, 2022/09/22, 16:18:40.980, 1820019644642, testhost.dll, TestPluginCache: Discoverers are ''.
TpTrace Verbose: 0 : 25056, 4, 2022/09/22, 16:18:40.980, 1820019645187, testhost.dll, TestPluginCache: Executors are 'executor://MSTestAdapter/v2'.
TpTrace Verbose: 0 : 25056, 4, 2022/09/22, 16:18:40.981, 1820019645526, testhost.dll, TestPluginCache: Executors2 are ''.
TpTrace Verbose: 0 : 25056, 4, 2022/09/22, 16:18:40.981, 1820019645803, testhost.dll, TestPluginCache: Setting providers are ''.
TpTrace Verbose: 0 : 25056, 4, 2022/09/22, 16:18:40.981, 1820019646057, testhost.dll, TestPluginCache: Loggers are ''.
TpTrace Verbose: 0 : 25056, 4, 2022/09/22, 16:18:40.983, 1820019666612, testhost.dll, TestPluginCache.DiscoverTestExtensions: finding test extensions in assemblies ends with: TestAdapter.dll TPluginInfo: Microsoft.VisualStudio.TestPlatform.Common.ExtensionFramework.Utilities.TestExecutorPluginInformation2 TExtension: Microsoft.VisualStudio.TestPlatform.ObjectModel.Adapter.ITestExecutor2
TpTrace Verbose: 0 : 25056, 4, 2022/09/22, 16:18:40.983, 1820019668392, testhost.dll, TestPluginCache.GetExtensionPaths: Filtered extension paths: 
TpTrace Verbose: 0 : 25056, 4, 2022/09/22, 16:18:40.983, 1820019668683, testhost.dll, TestPluginCache.GetExtensionPaths: Added default extension paths: C:\Users\aaish\source\repos\BankOfSuccess\BankOfSuccessUnitTesting\bin\Debug\net6.0\fine-code-coverage\build-output\Microsoft.VisualStudio.TestPlatform.MSTest.TestAdapter.dll
TpTrace Verbose: 0 : 25056, 4, 2022/09/22, 16:18:40.983, 1820019668919, testhost.dll, TestPluginCache.GetExtensionPaths: Added unfilterableExtensionPaths: 
TpTrace Information: 0 : 25056, 4, 2022/09/22, 16:18:40.983, 1820019670232, testhost.dll, AssemblyResolver.AddSearchDirectories: Adding more searchDirectories C:\Users\aaish\source\repos\BankOfSuccess\BankOfSuccessUnitTesting\bin\Debug\net6.0\fine-code-coverage\build-output
TpTrace Verbose: 0 : 25056, 4, 2022/09/22, 16:18:40.983, 1820019670504, testhost.dll, TestPluginCache.DiscoverTestExtensions: Discovering the extensions using extension path.
TpTrace Verbose: 0 : 25056, 4, 2022/09/22, 16:18:40.983, 1820019670754, testhost.dll, TestPluginCache.GetExtensionPaths: Filtered extension paths: 
TpTrace Verbose: 0 : 25056, 4, 2022/09/22, 16:18:40.983, 1820019670892, testhost.dll, TestPluginCache.GetExtensionPaths: Added default extension paths: C:\Users\aaish\source\repos\BankOfSuccess\BankOfSuccessUnitTesting\bin\Debug\net6.0\fine-code-coverage\build-output\Microsoft.VisualStudio.TestPlatform.MSTest.TestAdapter.dll
TpTrace Verbose: 0 : 25056, 4, 2022/09/22, 16:18:40.983, 1820019671032, testhost.dll, TestPluginCache.GetExtensionPaths: Added unfilterableExtensionPaths: 
TpTrace Verbose: 0 : 25056, 4, 2022/09/22, 16:18:40.983, 1820019671184, testhost.dll, TestPluginCache.DiscoverTestExtensions: Discovering the extensions using allExtensionPaths: C:\Users\aaish\source\repos\BankOfSuccess\BankOfSuccessUnitTesting\bin\Debug\net6.0\fine-code-coverage\build-output\Microsoft.VisualStudio.TestPlatform.MSTest.TestAdapter.dll
TpTrace Information: 0 : 25056, 4, 2022/09/22, 16:18:40.983, 1820019671462, testhost.dll, AssemblyResolver.AddSearchDirectories: Adding more searchDirectories C:\Users\aaish\source\repos\BankOfSuccess\BankOfSuccessUnitTesting\bin\Debug\net6.0\fine-code-coverage\build-output
TpTrace Verbose: 0 : 25056, 4, 2022/09/22, 16:18:40.983, 1820019673166, testhost.dll, TestPluginCache: Discovered the extensions using extension path ''.
TpTrace Verbose: 0 : 25056, 4, 2022/09/22, 16:18:40.983, 1820019673426, testhost.dll, TestPluginCache: Discoverers are ''.
TpTrace Verbose: 0 : 25056, 4, 2022/09/22, 16:18:40.983, 1820019673628, testhost.dll, TestPluginCache: Executors are 'executor://MSTestAdapter/v2'.
TpTrace Verbose: 0 : 25056, 4, 2022/09/22, 16:18:40.983, 1820019673978, testhost.dll, TestPluginCache: Executors2 are ''.
TpTrace Verbose: 0 : 25056, 4, 2022/09/22, 16:18:40.983, 1820019674161, testhost.dll, TestPluginCache: Setting providers are ''.
TpTrace Verbose: 0 : 25056, 4, 2022/09/22, 16:18:40.983, 1820019674288, testhost.dll, TestPluginCache: Loggers are ''.
TpTrace Information: 0 : 25056, 4, 2022/09/22, 16:18:40.987, 1820019709504, testhost.dll, TestPluginManager.CreateTestExtension: Attempting to load test extension: Microsoft.VisualStudio.TestPlatform.MSTest.TestAdapter.MSTestExecutor
TpTrace Verbose: 0 : 25056, 4, 2022/09/22, 16:18:40.993, 1820019765367, testhost.dll, TestExecutorExtensionManager: Loading executor Microsoft.VisualStudio.TestPlatform.MSTest.TestAdapter.MSTestExecutor
TpTrace Verbose: 0 : 25056, 4, 2022/09/22, 16:18:40.993, 1820019766302, testhost.dll, TestExecutorService: Loaded the executors
TpTrace Verbose: 0 : 25056, 4, 2022/09/22, 16:18:40.994, 1820019777750, testhost.dll, TestPluginCache.DiscoverTestExtensions: finding test extensions in assemblies ends with: TestAdapter.dll TPluginInfo: Microsoft.VisualStudio.TestPlatform.Common.ExtensionFramework.Utilities.TestSettingsProviderPluginInformation TExtension: Microsoft.VisualStudio.TestPlatform.ObjectModel.Adapter.ISettingsProvider
TpTrace Verbose: 0 : 25056, 4, 2022/09/22, 16:18:40.994, 1820019779494, testhost.dll, TestPluginCache.GetExtensionPaths: Filtered extension paths: 
TpTrace Verbose: 0 : 25056, 4, 2022/09/22, 16:18:40.994, 1820019780101, testhost.dll, TestPluginCache.GetExtensionPaths: Added default extension paths: C:\Users\aaish\source\repos\BankOfSuccess\BankOfSuccessUnitTesting\bin\Debug\net6.0\fine-code-coverage\build-output\Microsoft.VisualStudio.TestPlatform.MSTest.TestAdapter.dll
TpTrace Verbose: 0 : 25056, 4, 2022/09/22, 16:18:40.994, 1820019780365, testhost.dll, TestPluginCache.GetExtensionPaths: Added unfilterableExtensionPaths: 
TpTrace Information: 0 : 25056, 4, 2022/09/22, 16:18:40.994, 1820019781773, testhost.dll, AssemblyResolver.AddSearchDirectories: Adding more searchDirectories C:\Users\aaish\source\repos\BankOfSuccess\BankOfSuccessUnitTesting\bin\Debug\net6.0\fine-code-coverage\build-output
TpTrace Verbose: 0 : 25056, 4, 2022/09/22, 16:18:40.994, 1820019782111, testhost.dll, TestPluginCache.DiscoverTestExtensions: Discovering the extensions using extension path.
TpTrace Verbose: 0 : 25056, 4, 2022/09/22, 16:18:40.994, 1820019782333, testhost.dll, TestPluginCache.GetExtensionPaths: Filtered extension paths: 
TpTrace Verbose: 0 : 25056, 4, 2022/09/22, 16:18:40.994, 1820019782544, testhost.dll, TestPluginCache.GetExtensionPaths: Added default extension paths: C:\Users\aaish\source\repos\BankOfSuccess\BankOfSuccessUnitTesting\bin\Debug\net6.0\fine-code-coverage\build-output\Microsoft.VisualStudio.TestPlatform.MSTest.TestAdapter.dll
TpTrace Verbose: 0 : 25056, 4, 2022/09/22, 16:18:40.994, 1820019782765, testhost.dll, TestPluginCache.GetExtensionPaths: Added unfilterableExtensionPaths: 
TpTrace Verbose: 0 : 25056, 4, 2022/09/22, 16:18:40.994, 1820019783004, testhost.dll, TestPluginCache.DiscoverTestExtensions: Discovering the extensions using allExtensionPaths: C:\Users\aaish\source\repos\BankOfSuccess\BankOfSuccessUnitTesting\bin\Debug\net6.0\fine-code-coverage\build-output\Microsoft.VisualStudio.TestPlatform.MSTest.TestAdapter.dll
TpTrace Information: 0 : 25056, 4, 2022/09/22, 16:18:40.994, 1820019783443, testhost.dll, AssemblyResolver.AddSearchDirectories: Adding more searchDirectories C:\Users\aaish\source\repos\BankOfSuccess\BankOfSuccessUnitTesting\bin\Debug\net6.0\fine-code-coverage\build-output
TpTrace Verbose: 0 : 25056, 4, 2022/09/22, 16:18:40.995, 1820019785621, testhost.dll, TestPluginCache: Discovered the extensions using extension path ''.
TpTrace Verbose: 0 : 25056, 4, 2022/09/22, 16:18:40.995, 1820019785937, testhost.dll, TestPluginCache: Discoverers are ''.
TpTrace Verbose: 0 : 25056, 4, 2022/09/22, 16:18:40.995, 1820019786100, testhost.dll, TestPluginCache: Executors are 'executor://MSTestAdapter/v2'.
TpTrace Verbose: 0 : 25056, 4, 2022/09/22, 16:18:40.995, 1820019786249, testhost.dll, TestPluginCache: Executors2 are ''.
TpTrace Verbose: 0 : 25056, 4, 2022/09/22, 16:18:40.995, 1820019786453, testhost.dll, TestPluginCache: Setting providers are ''.
TpTrace Verbose: 0 : 25056, 4, 2022/09/22, 16:18:40.995, 1820019786588, testhost.dll, TestPluginCache: Loggers are ''.
TpTrace Verbose: 0 : 25056, 4, 2022/09/22, 16:18:40.995, 1820019793761, testhost.dll, TestExecutorService: Loaded the settings providers
TpTrace Information: 0 : 25056, 4, 2022/09/22, 16:18:40.995, 1820019794363, testhost.dll, TestExecutorService: Loaded the extensions
TpTrace Information: 0 : 25056, 4, 2022/09/22, 16:18:40.996, 1820019799307, testhost.dll, TestRequestHandler.OnMessageReceived: Running job 'TestExecution.StartWithSources'.
TpTrace Information: 0 : 25056, 4, 2022/09/22, 16:18:41.060, 1820020441353, testhost.dll, TestDiscoveryManager: Discovering tests from sources C:\Users\aaish\source\repos\BankOfSuccess\BankOfSuccessUnitTesting\bin\Debug\net6.0\fine-code-coverage\build-output\BankOfSuccessUnitTesting.dll
TpTrace Verbose: 0 : 25056, 4, 2022/09/22, 16:18:41.062, 1820020462359, testhost.dll, TestPluginCache.DiscoverTestExtensions: finding test extensions in assemblies ends with: TestAdapter.dll TPluginInfo: Microsoft.VisualStudio.TestPlatform.Common.ExtensionFramework.Utilities.TestDiscovererPluginInformation TExtension: Microsoft.VisualStudio.TestPlatform.ObjectModel.Adapter.ITestDiscoverer
TpTrace Verbose: 0 : 25056, 4, 2022/09/22, 16:18:41.062, 1820020463239, testhost.dll, TestPluginCache.GetExtensionPaths: Filtered extension paths: 
TpTrace Verbose: 0 : 25056, 4, 2022/09/22, 16:18:41.062, 1820020463475, testhost.dll, TestPluginCache.GetExtensionPaths: Added default extension paths: C:\Users\aaish\source\repos\BankOfSuccess\BankOfSuccessUnitTesting\bin\Debug\net6.0\fine-code-coverage\build-output\Microsoft.VisualStudio.TestPlatform.MSTest.TestAdapter.dll
TpTrace Verbose: 0 : 25056, 4, 2022/09/22, 16:18:41.062, 1820020463626, testhost.dll, TestPluginCache.GetExtensionPaths: Added unfilterableExtensionPaths: 
TpTrace Information: 0 : 25056, 4, 2022/09/22, 16:18:41.062, 1820020464377, testhost.dll, AssemblyResolver.AddSearchDirectories: Adding more searchDirectories C:\Users\aaish\source\repos\BankOfSuccess\BankOfSuccessUnitTesting\bin\Debug\net6.0\fine-code-coverage\build-output
TpTrace Verbose: 0 : 25056, 4, 2022/09/22, 16:18:41.062, 1820020464599, testhost.dll, TestPluginCache.DiscoverTestExtensions: Discovering the extensions using extension path.
TpTrace Verbose: 0 : 25056, 4, 2022/09/22, 16:18:41.062, 1820020464800, testhost.dll, TestPluginCache.GetExtensionPaths: Filtered extension paths: 
TpTrace Verbose: 0 : 25056, 4, 2022/09/22, 16:18:41.062, 1820020464939, testhost.dll, TestPluginCache.GetExtensionPaths: Added default extension paths: C:\Users\aaish\source\repos\BankOfSuccess\BankOfSuccessUnitTesting\bin\Debug\net6.0\fine-code-coverage\build-output\Microsoft.VisualStudio.TestPlatform.MSTest.TestAdapter.dll
TpTrace Verbose: 0 : 25056, 4, 2022/09/22, 16:18:41.062, 1820020465076, testhost.dll, TestPluginCache.GetExtensionPaths: Added unfilterableExtensionPaths: 
TpTrace Verbose: 0 : 25056, 4, 2022/09/22, 16:18:41.063, 1820020465276, testhost.dll, TestPluginCache.DiscoverTestExtensions: Discovering the extensions using allExtensionPaths: C:\Users\aaish\source\repos\BankOfSuccess\BankOfSuccessUnitTesting\bin\Debug\net6.0\fine-code-coverage\build-output\Microsoft.VisualStudio.TestPlatform.MSTest.TestAdapter.dll
TpTrace Information: 0 : 25056, 4, 2022/09/22, 16:18:41.063, 1820020465510, testhost.dll, AssemblyResolver.AddSearchDirectories: Adding more searchDirectories C:\Users\aaish\source\repos\BankOfSuccess\BankOfSuccessUnitTesting\bin\Debug\net6.0\fine-code-coverage\build-output
TpTrace Verbose: 0 : 25056, 4, 2022/09/22, 16:18:41.064, 1820020478304, testhost.dll, TestPluginCache: Discovered the extensions using extension path ''.
TpTrace Verbose: 0 : 25056, 4, 2022/09/22, 16:18:41.064, 1820020478838, testhost.dll, TestPluginCache: Discoverers are 'Microsoft.VisualStudio.TestPlatform.MSTest.TestAdapter.MSTestDiscoverer, Microsoft.VisualStudio.TestPlatform.MSTest.TestAdapter, Version=14.0.0.0, Culture=neutral, PublicKeyToken=b03f5f7f11d50a3a'.
TpTrace Verbose: 0 : 25056, 4, 2022/09/22, 16:18:41.064, 1820020479046, testhost.dll, TestPluginCache: Executors are 'executor://MSTestAdapter/v2'.
TpTrace Verbose: 0 : 25056, 4, 2022/09/22, 16:18:41.064, 1820020479302, testhost.dll, TestPluginCache: Executors2 are ''.
TpTrace Verbose: 0 : 25056, 4, 2022/09/22, 16:18:41.064, 1820020479461, testhost.dll, TestPluginCache: Setting providers are ''.
TpTrace Verbose: 0 : 25056, 4, 2022/09/22, 16:18:41.064, 1820020479590, testhost.dll, TestPluginCache: Loggers are ''.
TpTrace Verbose: 0 : 25056, 4, 2022/09/22, 16:18:41.069, 1820020528979, testhost.dll, BaseRunTests.RunTestInternalWithExecutors: Running tests for executor://MSTestAdapter/v2
TpTrace Information: 0 : 25056, 4, 2022/09/22, 16:18:41.069, 1820020532757, testhost.dll, AssemblyResolver.OnResolve: Microsoft.VisualStudio.TestPlatform.MSTestAdapter.PlatformServices.Interface: Resolving assembly.
TpTrace Information: 0 : 25056, 4, 2022/09/22, 16:18:41.069, 1820020533306, testhost.dll, AssemblyResolver.OnResolve: Microsoft.VisualStudio.TestPlatform.MSTestAdapter.PlatformServices.Interface: Searching in: 'C:\Users\aaish\source\repos\BankOfSuccess\BankOfSuccessUnitTesting\bin\Debug\net6.0\fine-code-coverage\build-output'.
TpTrace Information: 0 : 25056, 4, 2022/09/22, 16:18:41.069, 1820020535249, testhost.dll, AssemblyResolver.OnResolve: Microsoft.VisualStudio.TestPlatform.MSTestAdapter.PlatformServices.Interface: Loading assembly 'C:\Users\aaish\source\repos\BankOfSuccess\BankOfSuccessUnitTesting\bin\Debug\net6.0\fine-code-coverage\build-output\Microsoft.VisualStudio.TestPlatform.MSTestAdapter.PlatformServices.Interface.dll'.
TpTrace Information: 0 : 25056, 4, 2022/09/22, 16:18:41.070, 1820020537520, testhost.dll, AssemblyResolver.OnResolve: Resolved assembly: Microsoft.VisualStudio.TestPlatform.MSTestAdapter.PlatformServices.Interface, from path: C:\Users\aaish\source\repos\BankOfSuccess\BankOfSuccessUnitTesting\bin\Debug\net6.0\fine-code-coverage\build-output\Microsoft.VisualStudio.TestPlatform.MSTestAdapter.PlatformServices.Interface.dll
TpTrace Information: 0 : 25056, 4, 2022/09/22, 16:18:41.070, 1820020544129, testhost.dll, AssemblyResolver.OnResolve: Microsoft.VisualStudio.TestPlatform.MSTestAdapter.PlatformServices: Resolving assembly.
TpTrace Information: 0 : 25056, 4, 2022/09/22, 16:18:41.070, 1820020544535, testhost.dll, AssemblyResolver.OnResolve: Microsoft.VisualStudio.TestPlatform.MSTestAdapter.PlatformServices: Searching in: 'C:\Users\aaish\source\repos\BankOfSuccess\BankOfSuccessUnitTesting\bin\Debug\net6.0\fine-code-coverage\build-output'.
TpTrace Information: 0 : 25056, 4, 2022/09/22, 16:18:41.071, 1820020545913, testhost.dll, AssemblyResolver.OnResolve: Microsoft.VisualStudio.TestPlatform.MSTestAdapter.PlatformServices: Loading assembly 'C:\Users\aaish\source\repos\BankOfSuccess\BankOfSuccessUnitTesting\bin\Debug\net6.0\fine-code-coverage\build-output\Microsoft.VisualStudio.TestPlatform.MSTestAdapter.PlatformServices.dll'.
TpTrace Information: 0 : 25056, 4, 2022/09/22, 16:18:41.071, 1820020547818, testhost.dll, AssemblyResolver.OnResolve: Resolved assembly: Microsoft.VisualStudio.TestPlatform.MSTestAdapter.PlatformServices, from path: C:\Users\aaish\source\repos\BankOfSuccess\BankOfSuccessUnitTesting\bin\Debug\net6.0\fine-code-coverage\build-output\Microsoft.VisualStudio.TestPlatform.MSTestAdapter.PlatformServices.dll
TpTrace Information: 0 : 25056, 4, 2022/09/22, 16:18:41.071, 1820020549709, testhost.dll, MSTest - MSTestExecutor.RunTests: Running tests from sources.
TpTrace Information: 0 : 25056, 4, 2022/09/22, 16:18:41.073, 1820020571649, testhost.dll, MSTest - CollectSourceInformation value Found : False 
TpTrace Information: 0 : 25056, 4, 2022/09/22, 16:18:41.089, 1820020725881, testhost.dll, MSTest - DictionaryHelper.ConcatWithOverwrites: The source is null or empty, returning the overwrite dictionary.
TpTrace Information: 0 : 25056, 4, 2022/09/22, 16:18:41.093, 1820020766199, testhost.dll, MSTest - DictionaryHelper.ConcatWithOverwrites: The source is null or empty, returning the overwrite dictionary.
TpTrace Information: 0 : 25056, 4, 2022/09/22, 16:18:41.097, 1820020807221, testhost.dll, AssemblyResolver.OnResolve: Microsoft.TestPlatform.AdapterUtilities: Resolving assembly.
TpTrace Information: 0 : 25056, 4, 2022/09/22, 16:18:41.097, 1820020808032, testhost.dll, AssemblyResolver.OnResolve: Microsoft.TestPlatform.AdapterUtilities: Searching in: 'C:\Users\aaish\source\repos\BankOfSuccess\BankOfSuccessUnitTesting\bin\Debug\net6.0\fine-code-coverage\build-output'.
TpTrace Information: 0 : 25056, 4, 2022/09/22, 16:18:41.097, 1820020809515, testhost.dll, AssemblyResolver.OnResolve: Microsoft.TestPlatform.AdapterUtilities: Loading assembly 'C:\Users\aaish\source\repos\BankOfSuccess\BankOfSuccessUnitTesting\bin\Debug\net6.0\fine-code-coverage\build-output\Microsoft.TestPlatform.AdapterUtilities.dll'.
TpTrace Information: 0 : 25056, 4, 2022/09/22, 16:18:41.097, 1820020811179, testhost.dll, AssemblyResolver.OnResolve: Resolved assembly: Microsoft.TestPlatform.AdapterUtilities, from path: C:\Users\aaish\source\repos\BankOfSuccess\BankOfSuccessUnitTesting\bin\Debug\net6.0\fine-code-coverage\build-output\Microsoft.TestPlatform.AdapterUtilities.dll
TpTrace Information: 0 : 25056, 4, 2022/09/22, 16:18:41.113, 1820020966682, testhost.dll, MSTest - DictionaryHelper.ConcatWithOverwrites: The source is null or empty, returning the overwrite dictionary.
TpTrace Information: 0 : 25056, 4, 2022/09/22, 16:18:41.113, 1820020968051, testhost.dll, MSTest - MSTestDiscoverer: Found 1 tests from source C:\Users\aaish\source\repos\BankOfSuccess\BankOfSuccessUnitTesting\bin\Debug\net6.0\fine-code-coverage\build-output\BankOfSuccessUnitTesting.dll
TpTrace Information: 0 : 25056, 4, 2022/09/22, 16:18:41.124, 1820021077388, testhost.dll, AssemblyResolver.OnResolve: Microsoft.VisualStudio.TestPlatform.MSTestAdapter.PlatformServices.resources: Resolving assembly.
TpTrace Information: 0 : 25056, 4, 2022/09/22, 16:18:41.124, 1820021078165, testhost.dll, AssemblyResolver.OnResolve: Microsoft.VisualStudio.TestPlatform.MSTestAdapter.PlatformServices.resources: Searching in: 'C:\Users\aaish\source\repos\BankOfSuccess\BankOfSuccessUnitTesting\bin\Debug\net6.0\fine-code-coverage\build-output'.
TpTrace Information: 0 : 25056, 4, 2022/09/22, 16:18:41.124, 1820021078587, testhost.dll, AssemblyResolver.OnResolve: Microsoft.VisualStudio.TestPlatform.MSTestAdapter.PlatformServices.resources: Assembly path does not exist: 'C:\Users\aaish\source\repos\BankOfSuccess\BankOfSuccessUnitTesting\bin\Debug\net6.0\fine-code-coverage\build-output\Microsoft.VisualStudio.TestPlatform.MSTestAdapter.PlatformServices.resources.dll', returning.
TpTrace Information: 0 : 25056, 4, 2022/09/22, 16:18:41.124, 1820021078898, testhost.dll, AssemblyResolver.OnResolve: Microsoft.VisualStudio.TestPlatform.MSTestAdapter.PlatformServices.resources: Assembly path does not exist: 'C:\Users\aaish\source\repos\BankOfSuccess\BankOfSuccessUnitTesting\bin\Debug\net6.0\fine-code-coverage\build-output\Microsoft.VisualStudio.TestPlatform.MSTestAdapter.PlatformServices.resources.exe', returning.
TpTrace Information: 0 : 25056, 4, 2022/09/22, 16:18:41.124, 1820021079054, testhost.dll, AssemblyResolver.OnResolve: Microsoft.VisualStudio.TestPlatform.MSTestAdapter.PlatformServices.resources: Failed to load assembly.
TpTrace Information: 0 : 25056, 4, 2022/09/22, 16:18:41.124, 1820021080840, testhost.dll, AssemblyResolver.OnResolve: Microsoft.VisualStudio.TestPlatform.MSTestAdapter.PlatformServices.resources: Resolving assembly.
TpTrace Information: 0 : 25056, 4, 2022/09/22, 16:18:41.124, 1820021081097, testhost.dll, AssemblyResolver.OnResolve: Microsoft.VisualStudio.TestPlatform.MSTestAdapter.PlatformServices.resources: Resolved from cache.
TpTrace Information: 0 : 25056, 4, 2022/09/22, 16:18:41.130, 1820021137750, testhost.dll, MSTest - Created unit-test runner C:\Users\aaish\source\repos\BankOfSuccess\BankOfSuccessUnitTesting\bin\Debug\net6.0\fine-code-coverage\build-output\BankOfSuccessUnitTesting.dll
TpTrace Verbose: 0 : 25056, 4, 2022/09/22, 16:18:41.134, 1820021175506, testhost.dll, TestExecutionRecorder.RecordStart: Starting test: BankOfSuccessUnitTesting.AccountManagerUnitTesting.OpenAccount_WithPositiveInput_ShouldActivateAcc.
TpTrace Information: 0 : 25056, 4, 2022/09/22, 16:18:41.176, 1820021595482, testhost.dll, MSTest - Executing test OpenAccount_WithPositiveInput_ShouldActivateAcc
TpTrace Information: 0 : 25056, 4, 2022/09/22, 16:18:41.197, 1820021813876, testhost.dll, AssemblyResolver.OnResolve: Microsoft.VisualStudio.TestPlatform.MSTest.TestAdapter.resources: Resolving assembly.
TpTrace Information: 0 : 25056, 4, 2022/09/22, 16:18:41.197, 1820021814561, testhost.dll, AssemblyResolver.OnResolve: Microsoft.VisualStudio.TestPlatform.MSTest.TestAdapter.resources: Searching in: 'C:\Users\aaish\source\repos\BankOfSuccess\BankOfSuccessUnitTesting\bin\Debug\net6.0\fine-code-coverage\build-output'.
TpTrace Information: 0 : 25056, 4, 2022/09/22, 16:18:41.197, 1820021814945, testhost.dll, AssemblyResolver.OnResolve: Microsoft.VisualStudio.TestPlatform.MSTest.TestAdapter.resources: Assembly path does not exist: 'C:\Users\aaish\source\repos\BankOfSuccess\BankOfSuccessUnitTesting\bin\Debug\net6.0\fine-code-coverage\build-output\Microsoft.VisualStudio.TestPlatform.MSTest.TestAdapter.resources.dll', returning.
TpTrace Information: 0 : 25056, 4, 2022/09/22, 16:18:41.197, 1820021815223, testhost.dll, AssemblyResolver.OnResolve: Microsoft.VisualStudio.TestPlatform.MSTest.TestAdapter.resources: Assembly path does not exist: 'C:\Users\aaish\source\repos\BankOfSuccess\BankOfSuccessUnitTesting\bin\Debug\net6.0\fine-code-coverage\build-output\Microsoft.VisualStudio.TestPlatform.MSTest.TestAdapter.resources.exe', returning.
TpTrace Information: 0 : 25056, 4, 2022/09/22, 16:18:41.198, 1820021815358, testhost.dll, AssemblyResolver.OnResolve: Microsoft.VisualStudio.TestPlatform.MSTest.TestAdapter.resources: Failed to load assembly.
TpTrace Information: 0 : 25056, 4, 2022/09/22, 16:18:41.216, 1820022004624, testhost.dll, MSTest - Executed test OpenAccount_WithPositiveInput_ShouldActivateAcc
TpTrace Verbose: 0 : 25056, 4, 2022/09/22, 16:18:41.219, 1820022034125, testhost.dll, TestExecutionRecorder.RecordEnd: test: BankOfSuccessUnitTesting.AccountManagerUnitTesting.OpenAccount_WithPositiveInput_ShouldActivateAcc execution completed.
TpTrace Information: 0 : 25056, 4, 2022/09/22, 16:18:41.229, 1820022128326, testhost.dll, MSTest - MSTestExecutor:Test BankOfSuccessUnitTesting.AccountManagerUnitTesting.OpenAccount_WithPositiveInput_ShouldActivateAcc failed. ErrorMessage:Test method BankOfSuccessUnitTesting.AccountManagerUnitTesting.OpenAccount_WithPositiveInput_ShouldActivateAcc threw exception: 
System.NullReferenceException: Object reference not set to an instance of an object., ErrorStackTrace:    at BankOfSuccess.BuisnessLogicLayer.SavingsImpl.IsAccountActive(Account account) in C:\Users\aaish\source\repos\BankOfSuccess\BankOfSuccess\BuisnessLogicLayer\SavingsImpl.cs:line 47
   at BankOfSuccess.BuisnessLogicLayer.SavingsImpl.Open(Account account) in C:\Users\aaish\source\repos\BankOfSuccess\BankOfSuccess\BuisnessLogicLayer\SavingsImpl.cs:line 20
   at BankOfSuccess.BuisnessLogicLayer.AccountManager.OpenAccount(Account account, String accType) in C:\Users\aaish\source\repos\BankOfSuccess\BankOfSuccess\BuisnessLogicLayer\AccountManager.cs:line 33
   at BankOfSuccessUnitTesting.AccountManagerUnitTesting.OpenAccount_WithPositiveInput_ShouldActivateAcc() in C:\Users\aaish\source\repos\BankOfSuccess\BankOfSuccessUnitTesting\AccountManagerUnitTesting.cs:line 18
.
TpTrace Verbose: 0 : 25056, 4, 2022/09/22, 16:18:41.229, 1820022130882, testhost.dll, TestExecutionRecorder.RecordResult: Received result for test: BankOfSuccessUnitTesting.AccountManagerUnitTesting.OpenAccount_WithPositiveInput_ShouldActivateAcc.
TpTrace Warning: 0 : 25056, 4, 2022/09/22, 16:18:41.232, 1820022160894, testhost.dll, TestRunCache: InProgressTests is null
TpTrace Warning: 0 : 25056, 4, 2022/09/22, 16:18:41.232, 1820022161749, testhost.dll, TestRunCache: No test found corresponding to testResult 'OpenAccount_WithPositiveInput_ShouldActivateAcc' in inProgress list.
TpTrace Information: 0 : 25056, 4, 2022/09/22, 16:18:41.232, 1820022162611, testhost.dll, MSTest - Executing cleanup methods.
TpTrace Information: 0 : 25056, 4, 2022/09/22, 16:18:41.233, 1820022171469, testhost.dll, MSTest - Executed cleanup methods.
TpTrace Information: 0 : 25056, 4, 2022/09/22, 16:18:41.233, 1820022171892, testhost.dll, MSTest - Executed tests belonging to source C:\Users\aaish\source\repos\BankOfSuccess\BankOfSuccessUnitTesting\bin\Debug\net6.0\fine-code-coverage\build-output\BankOfSuccessUnitTesting.dll
TpTrace Verbose: 0 : 25056, 4, 2022/09/22, 16:18:41.233, 1820022174193, testhost.dll, BaseRunTests.RunTestInternalWithExecutors: Completed running tests for executor://MSTestAdapter/v2
TpTrace Information: 0 : 25056, 4, 2022/09/22, 16:18:41.239, 1820022235084, testhost.dll, Sending test run complete
TpTrace Verbose: 0 : 25056, 4, 2022/09/22, 16:18:41.262, 1820022460564, testhost.dll, TestRequestHandler.SendData:  sending data from testhost: {"Version":5,"MessageType":"TestExecution.Completed","Payload":{"TestRunCompleteArgs":{"TestRunStatistics":{"ExecutedTests":1,"Stats":{"Failed":1}},"IsCanceled":false,"IsAborted":false,"Error":null,"AttachmentSets":[],"ElapsedTimeInRunningTests":"00:00:00.1687413","Metrics":{}},"LastRunTests":{"NewTestResults":[{"TestCase":{"Id":"61030d59-f575-b45b-afe4-940e3113a1f0","FullyQualifiedName":"BankOfSuccessUnitTesting.AccountManagerUnitTesting.OpenAccount_WithPositiveInput_ShouldActivateAcc","DisplayName":"OpenAccount_WithPositiveInput_ShouldActivateAcc","ExecutorUri":"executor://MSTestAdapter/v2","Source":"C:\\Users\\aaish\\source\\repos\\BankOfSuccess\\BankOfSuccessUnitTesting\\bin\\Debug\\net6.0\\fine-code-coverage\\build-output\\BankOfSuccessUnitTesting.dll","CodeFilePath":null,"LineNumber":-1,"Properties":[{"Key":{"Id":"TestCase.ManagedType","Label":"ManagedType","Category":"","Description":"","Attributes":1,"ValueType":"System.String"},"Value":"BankOfSuccessUnitTesting.AccountManagerUnitTesting"},{"Key":{"Id":"TestCase.ManagedMethod","Label":"ManagedMethod","Category":"","Description":"","Attributes":1,"ValueType":"System.String"},"Value":"OpenAccount_WithPositiveInput_ShouldActivateAcc"},{"Key":{"Id":"MSTestDiscoverer.TestClassName","Label":"ClassName","Category":"","Description":"","Attributes":1,"ValueType":"System.String"},"Value":"BankOfSuccessUnitTesting.AccountManagerUnitTesting"},{"Key":{"Id":"TestCase.Hierarchy","Label":"Hierarchy","Category":"","Description":"","Attributes":2,"ValueType":"System.String[]"},"Value":["BankOfSuccessUnitTesting","AccountManagerUnitTesting"]},{"Key":{"Id":"TestObject.Traits","Label":"Traits","Category":"","Description":"","Attributes":5,"ValueType":"System.Collections.Generic.KeyValuePair`2[[System.String],[System.String]][]"},"Value":[]}]},"Attachments":[],"Outcome":2,"ErrorMessage":"Test method BankOfSuccessUnitTesting.AccountManagerUnitTesting.OpenAccount_WithPositiveInput_ShouldActivateAcc threw exception: \r\nSystem.NullReferenceException: Object reference not set to an instance of an object.","ErrorStackTrace":"    at BankOfSuccess.BuisnessLogicLayer.SavingsImpl.IsAccountActive(Account account) in C:\\Users\\aaish\\source\\repos\\BankOfSuccess\\BankOfSuccess\\BuisnessLogicLayer\\SavingsImpl.cs:line 47\r\n   at BankOfSuccess.BuisnessLogicLayer.SavingsImpl.Open(Account account) in C:\\Users\\aaish\\source\\repos\\BankOfSuccess\\BankOfSuccess\\BuisnessLogicLayer\\SavingsImpl.cs:line 20\r\n   at BankOfSuccess.BuisnessLogicLayer.AccountManager.OpenAccount(Account account, String accType) in C:\\Users\\aaish\\source\\repos\\BankOfSuccess\\BankOfSuccess\\BuisnessLogicLayer\\AccountManager.cs:line 33\r\n   at BankOfSuccessUnitTesting.AccountManagerUnitTesting.OpenAccount_WithPositiveInput_ShouldActivateAcc() in C:\\Users\\aaish\\source\\repos\\BankOfSuccess\\BankOfSuccessUnitTesting\\AccountManagerUnitTesting.cs:line 18\r\n","DisplayName":"OpenAccount_WithPositiveInput_ShouldActivateAcc","Messages":[{"Category":"StdOutMsgs","Text":"\r\n"}],"ComputerName":null,"Duration":"00:00:00.0295718","StartTime":"2022-09-22T16:18:41.1748577+05:30","EndTime":"2022-09-22T16:18:41.2170327+05:30","Properties":[{"Key":{"Id":"ExecutionId","Label":"ExecutionId","Category":"","Description":"","Attributes":1,"ValueType":"System.Guid"},"Value":"00000000-0000-0000-0000-000000000000"},{"Key":{"Id":"ParentExecId","Label":"ParentExecId","Category":"","Description":"","Attributes":1,"ValueType":"System.Guid"},"Value":"00000000-0000-0000-0000-000000000000"},{"Key":{"Id":"InnerResultsCount","Label":"InnerResultsCount","Category":"","Description":"","Attributes":1,"ValueType":"System.Int32"},"Value":0}]}],"TestRunStatistics":{"ExecutedTests":1,"Stats":{"Failed":1}},"ActiveTests":[]},"RunAttachments":[],"ExecutorUris":["executor://mstestadapter/v2"]}}
TpTrace Verbose: 0 : 25056, 4, 2022/09/22, 16:18:41.262, 1820022463749, testhost.dll, BaseRunTests.RunTests: Run is complete.
TpTrace Verbose: 0 : 25056, 10, 2022/09/22, 16:18:41.263, 1820022468103, testhost.dll, TcpClientExtensions.MessageLoopAsync: NotifyDataAvailable remoteEndPoint: [::ffff:127.0.0.1]:57236 localEndPoint: [::ffff:127.0.0.1]:57240
TpTrace Information: 0 : 25056, 10, 2022/09/22, 16:18:41.263, 1820022468993, testhost.dll, TestRequestHandler.OnMessageReceived: received message: (TestSession.Terminate) -> null
TpTrace Information: 0 : 25056, 10, 2022/09/22, 16:18:41.263, 1820022469189, testhost.dll, Session End message received from server. Closing the connection.
TpTrace Information: 0 : 25056, 10, 2022/09/22, 16:18:41.263, 1820022471189, testhost.dll, SocketClient.Stop: Stop communication from server endpoint: 127.0.0.1:057236
TpTrace Information: 0 : 25056, 10, 2022/09/22, 16:18:41.263, 1820022471462, testhost.dll, SocketClient: Stop: Cancellation requested. Stopping message loop.
TpTrace Verbose: 0 : 25056, 10, 2022/09/22, 16:18:41.263, 1820022472398, testhost.dll, LengthPrefixCommunicationChannel.Dispose: Dispose reader and writer.
TpTrace Information: 0 : 25056, 10, 2022/09/22, 16:18:41.263, 1820022472639, testhost.dll, Closing the connection !
TpTrace Information: 0 : 25056, 10, 2022/09/22, 16:18:41.263, 1820022473727, testhost.dll, SocketClient.PrivateStop: Stop communication from server endpoint: 127.0.0.1:057236, error:
TpTrace Information: 0 : 25056, 1, 2022/09/22, 16:18:41.264, 1820022477275, testhost.dll, Closing the connection !
TpTrace Verbose: 0 : 25056, 10, 2022/09/22, 16:18:41.264, 1820022477293, testhost.dll, LengthPrefixCommunicationChannel.Dispose: Dispose reader and writer.
TpTrace Verbose: 0 : 25056, 10, 2022/09/22, 16:18:41.264, 1820022478133, testhost.dll, TcpClientExtensions.MessageLoopAsync: exiting MessageLoopAsync remoteEndPoint: [::ffff:127.0.0.1]:57236 localEndPoint: [::ffff:127.0.0.1]:57240
TpTrace Information: 0 : 25056, 1, 2022/09/22, 16:18:41.264, 1820022477730, testhost.dll, SocketClient.Stop: Stop communication from server endpoint: 127.0.0.1:057236
TpTrace Verbose: 0 : 25056, 1, 2022/09/22, 16:18:41.264, 1820022479171, testhost.dll, LengthPrefixCommunicationChannel.Dispose: Dispose reader and writer.
TpTrace Information: 0 : 25056, 1, 2022/09/22, 16:18:41.264, 1820022479711, testhost.dll, Testhost process exiting.
